Traceback (most recent call last):
  File "/opt/anaconda3/lib/python3.8/site-packages/jupyter_cache/executors/utils.py", line 51, in single_nb_execution
    executenb(
  File "/opt/anaconda3/lib/python3.8/site-packages/nbclient/client.py", line 1087, in execute
    return NotebookClient(nb=nb, resources=resources, km=km, **kwargs).execute()
  File "/opt/anaconda3/lib/python3.8/site-packages/nbclient/util.py", line 74, in wrapped
    return just_run(coro(*args, **kwargs))
  File "/opt/anaconda3/lib/python3.8/site-packages/nbclient/util.py", line 53, in just_run
    return loop.run_until_complete(coro)
  File "/opt/anaconda3/lib/python3.8/asyncio/base_events.py", line 616, in run_until_complete
    return future.result()
  File "/opt/anaconda3/lib/python3.8/site-packages/nbclient/client.py", line 540, in async_execute
    await self.async_execute_cell(
  File "/opt/anaconda3/lib/python3.8/site-packages/nbclient/client.py", line 832, in async_execute_cell
    self._check_raise_for_error(cell, exec_reply)
  File "/opt/anaconda3/lib/python3.8/site-packages/nbclient/client.py", line 740, in _check_raise_for_error
    raise CellExecutionError.from_cell_and_msg(cell, exec_reply['content'])
nbclient.exceptions.CellExecutionError: An error occurred while executing the following cell:
------------------
#
df = pd.read_html(url)[0]#gives me the first table from the page
df.head()
------------------

[0;31m---------------------------------------------------------------------------[0m
[0;31mValueError[0m                                Traceback (most recent call last)
[0;32m<ipython-input-22-1be6560d3ba1>[0m in [0;36m<module>[0;34m[0m
[1;32m      1[0m [0;31m#[0m[0;34m[0m[0;34m[0m[0;34m[0m[0m
[0;32m----> 2[0;31m [0mdf[0m [0;34m=[0m [0mpd[0m[0;34m.[0m[0mread_html[0m[0;34m([0m[0murl[0m[0;34m)[0m[0;34m[[0m[0;36m0[0m[0;34m][0m[0;31m#gives me the first table from the page[0m[0;34m[0m[0;34m[0m[0m
[0m[1;32m      3[0m [0mdf[0m[0;34m.[0m[0mhead[0m[0;34m([0m[0;34m)[0m[0;34m[0m[0;34m[0m[0m

[0;32m/opt/anaconda3/lib/python3.8/site-packages/pandas/util/_decorators.py[0m in [0;36mwrapper[0;34m(*args, **kwargs)[0m
[1;32m    309[0m                     [0mstacklevel[0m[0;34m=[0m[0mstacklevel[0m[0;34m,[0m[0;34m[0m[0;34m[0m[0m
[1;32m    310[0m                 )
[0;32m--> 311[0;31m             [0;32mreturn[0m [0mfunc[0m[0;34m([0m[0;34m*[0m[0margs[0m[0;34m,[0m [0;34m**[0m[0mkwargs[0m[0;34m)[0m[0;34m[0m[0;34m[0m[0m
[0m[1;32m    312[0m [0;34m[0m[0m
[1;32m    313[0m         [0;32mreturn[0m [0mwrapper[0m[0;34m[0m[0;34m[0m[0m

[0;32m/opt/anaconda3/lib/python3.8/site-packages/pandas/io/html.py[0m in [0;36mread_html[0;34m(io, match, flavor, header, index_col, skiprows, attrs, parse_dates, thousands, encoding, decimal, converters, na_values, keep_default_na, displayed_only)[0m
[1;32m   1111[0m     [0mio[0m [0;34m=[0m [0mstringify_path[0m[0;34m([0m[0mio[0m[0;34m)[0m[0;34m[0m[0;34m[0m[0m
[1;32m   1112[0m [0;34m[0m[0m
[0;32m-> 1113[0;31m     return _parse(
[0m[1;32m   1114[0m         [0mflavor[0m[0;34m=[0m[0mflavor[0m[0;34m,[0m[0;34m[0m[0;34m[0m[0m
[1;32m   1115[0m         [0mio[0m[0;34m=[0m[0mio[0m[0;34m,[0m[0;34m[0m[0;34m[0m[0m

[0;32m/opt/anaconda3/lib/python3.8/site-packages/pandas/io/html.py[0m in [0;36m_parse[0;34m(flavor, io, match, attrs, encoding, displayed_only, **kwargs)[0m
[1;32m    937[0m     [0;32melse[0m[0;34m:[0m[0;34m[0m[0;34m[0m[0m
[1;32m    938[0m         [0;32massert[0m [0mretained[0m [0;32mis[0m [0;32mnot[0m [0;32mNone[0m  [0;31m# for mypy[0m[0;34m[0m[0;34m[0m[0m
[0;32m--> 939[0;31m         [0;32mraise[0m [0mretained[0m[0;34m[0m[0;34m[0m[0m
[0m[1;32m    940[0m [0;34m[0m[0m
[1;32m    941[0m     [0mret[0m [0;34m=[0m [0;34m[[0m[0;34m][0m[0;34m[0m[0;34m[0m[0m

[0;32m/opt/anaconda3/lib/python3.8/site-packages/pandas/io/html.py[0m in [0;36m_parse[0;34m(flavor, io, match, attrs, encoding, displayed_only, **kwargs)[0m
[1;32m    917[0m [0;34m[0m[0m
[1;32m    918[0m         [0;32mtry[0m[0;34m:[0m[0;34m[0m[0;34m[0m[0m
[0;32m--> 919[0;31m             [0mtables[0m [0;34m=[0m [0mp[0m[0;34m.[0m[0mparse_tables[0m[0;34m([0m[0;34m)[0m[0;34m[0m[0;34m[0m[0m
[0m[1;32m    920[0m         [0;32mexcept[0m [0mValueError[0m [0;32mas[0m [0mcaught[0m[0;34m:[0m[0;34m[0m[0;34m[0m[0m
[1;32m    921[0m             [0;31m# if `io` is an io-like object, check if it's seekable[0m[0;34m[0m[0;34m[0m[0;34m[0m[0m

[0;32m/opt/anaconda3/lib/python3.8/site-packages/pandas/io/html.py[0m in [0;36mparse_tables[0;34m(self)[0m
[1;32m    237[0m         [0mlist[0m [0mof[0m [0mparsed[0m [0;34m([0m[0mheader[0m[0;34m,[0m [0mbody[0m[0;34m,[0m [0mfooter[0m[0;34m)[0m [0mtuples[0m [0;32mfrom[0m [0mtables[0m[0;34m.[0m[0;34m[0m[0;34m[0m[0m
[1;32m    238[0m         """
[0;32m--> 239[0;31m         [0mtables[0m [0;34m=[0m [0mself[0m[0;34m.[0m[0m_parse_tables[0m[0;34m([0m[0mself[0m[0;34m.[0m[0m_build_doc[0m[0;34m([0m[0;34m)[0m[0;34m,[0m [0mself[0m[0;34m.[0m[0mmatch[0m[0;34m,[0m [0mself[0m[0;34m.[0m[0mattrs[0m[0;34m)[0m[0;34m[0m[0;34m[0m[0m
[0m[1;32m    240[0m         [0;32mreturn[0m [0;34m([0m[0mself[0m[0;34m.[0m[0m_parse_thead_tbody_tfoot[0m[0;34m([0m[0mtable[0m[0;34m)[0m [0;32mfor[0m [0mtable[0m [0;32min[0m [0mtables[0m[0;34m)[0m[0;34m[0m[0;34m[0m[0m
[1;32m    241[0m [0;34m[0m[0m

[0;32m/opt/anaconda3/lib/python3.8/site-packages/pandas/io/html.py[0m in [0;36m_parse_tables[0;34m(self, doc, match, attrs)[0m
[1;32m    567[0m [0;34m[0m[0m
[1;32m    568[0m         [0;32mif[0m [0;32mnot[0m [0mtables[0m[0;34m:[0m[0;34m[0m[0;34m[0m[0m
[0;32m--> 569[0;31m             [0;32mraise[0m [0mValueError[0m[0;34m([0m[0;34m"No tables found"[0m[0;34m)[0m[0;34m[0m[0;34m[0m[0m
[0m[1;32m    570[0m [0;34m[0m[0m
[1;32m    571[0m         [0mresult[0m [0;34m=[0m [0;34m[[0m[0;34m][0m[0;34m[0m[0;34m[0m[0m

[0;31mValueError[0m: No tables found
ValueError: No tables found

