Traceback (most recent call last):
  File "/Library/Frameworks/Python.framework/Versions/3.12/lib/python3.12/site-packages/jupyter_cache/executors/utils.py", line 58, in single_nb_execution
    executenb(
  File "/Library/Frameworks/Python.framework/Versions/3.12/lib/python3.12/site-packages/nbclient/client.py", line 1305, in execute
    return NotebookClient(nb=nb, resources=resources, km=km, **kwargs).execute()
           ^^^^^^^^^^^^^^^^^^^^^^^^^^^^^^^^^^^^^^^^^^^^^^^^^^^^^^^^^^^^^^^^^^^^^
  File "/Library/Frameworks/Python.framework/Versions/3.12/lib/python3.12/site-packages/jupyter_core/utils/__init__.py", line 173, in wrapped
    return loop.run_until_complete(inner)
           ^^^^^^^^^^^^^^^^^^^^^^^^^^^^^^
  File "/Library/Frameworks/Python.framework/Versions/3.12/lib/python3.12/asyncio/base_events.py", line 664, in run_until_complete
    return future.result()
           ^^^^^^^^^^^^^^^
  File "/Library/Frameworks/Python.framework/Versions/3.12/lib/python3.12/site-packages/nbclient/client.py", line 705, in async_execute
    await self.async_execute_cell(
  File "/Library/Frameworks/Python.framework/Versions/3.12/lib/python3.12/site-packages/nbclient/client.py", line 1058, in async_execute_cell
    await self._check_raise_for_error(cell, cell_index, exec_reply)
  File "/Library/Frameworks/Python.framework/Versions/3.12/lib/python3.12/site-packages/nbclient/client.py", line 914, in _check_raise_for_error
    raise CellExecutionError.from_cell_and_msg(cell, exec_reply_content)
nbclient.exceptions.CellExecutionError: An error occurred while executing the following cell:
------------------
#
df = pd.read_html(url)[0]#gives me the first table from the page
df.head()
------------------


[0;31m---------------------------------------------------------------------------[0m
[0;31mValueError[0m                                Traceback (most recent call last)
Cell [0;32mIn[22], line 2[0m
[1;32m      1[0m [38;5;66;03m#[39;00m
[0;32m----> 2[0m df [38;5;241m=[39m [43mpd[49m[38;5;241;43m.[39;49m[43mread_html[49m[43m([49m[43murl[49m[43m)[49m[[38;5;241m0[39m][38;5;66;03m#gives me the first table from the page[39;00m
[1;32m      3[0m df[38;5;241m.[39mhead()

File [0;32m/Library/Frameworks/Python.framework/Versions/3.12/lib/python3.12/site-packages/pandas/io/html.py:1240[0m, in [0;36mread_html[0;34m(io, match, flavor, header, index_col, skiprows, attrs, parse_dates, thousands, encoding, decimal, converters, na_values, keep_default_na, displayed_only, extract_links, dtype_backend, storage_options)[0m
[1;32m   1224[0m [38;5;28;01mif[39;00m [38;5;28misinstance[39m(io, [38;5;28mstr[39m) [38;5;129;01mand[39;00m [38;5;129;01mnot[39;00m [38;5;28many[39m(
[1;32m   1225[0m     [
[1;32m   1226[0m         is_file_like(io),
[0;32m   (...)[0m
[1;32m   1230[0m     ]
[1;32m   1231[0m ):
[1;32m   1232[0m     warnings[38;5;241m.[39mwarn(
[1;32m   1233[0m         [38;5;124m"[39m[38;5;124mPassing literal html to [39m[38;5;124m'[39m[38;5;124mread_html[39m[38;5;124m'[39m[38;5;124m is deprecated and [39m[38;5;124m"[39m
[1;32m   1234[0m         [38;5;124m"[39m[38;5;124mwill be removed in a future version. To read from a [39m[38;5;124m"[39m
[0;32m   (...)[0m
[1;32m   1237[0m         stacklevel[38;5;241m=[39mfind_stack_level(),
[1;32m   1238[0m     )
[0;32m-> 1240[0m [38;5;28;01mreturn[39;00m [43m_parse[49m[43m([49m
[1;32m   1241[0m [43m    [49m[43mflavor[49m[38;5;241;43m=[39;49m[43mflavor[49m[43m,[49m
[1;32m   1242[0m [43m    [49m[43mio[49m[38;5;241;43m=[39;49m[43mio[49m[43m,[49m
[1;32m   1243[0m [43m    [49m[43mmatch[49m[38;5;241;43m=[39;49m[43mmatch[49m[43m,[49m
[1;32m   1244[0m [43m    [49m[43mheader[49m[38;5;241;43m=[39;49m[43mheader[49m[43m,[49m
[1;32m   1245[0m [43m    [49m[43mindex_col[49m[38;5;241;43m=[39;49m[43mindex_col[49m[43m,[49m
[1;32m   1246[0m [43m    [49m[43mskiprows[49m[38;5;241;43m=[39;49m[43mskiprows[49m[43m,[49m
[1;32m   1247[0m [43m    [49m[43mparse_dates[49m[38;5;241;43m=[39;49m[43mparse_dates[49m[43m,[49m
[1;32m   1248[0m [43m    [49m[43mthousands[49m[38;5;241;43m=[39;49m[43mthousands[49m[43m,[49m
[1;32m   1249[0m [43m    [49m[43mattrs[49m[38;5;241;43m=[39;49m[43mattrs[49m[43m,[49m
[1;32m   1250[0m [43m    [49m[43mencoding[49m[38;5;241;43m=[39;49m[43mencoding[49m[43m,[49m
[1;32m   1251[0m [43m    [49m[43mdecimal[49m[38;5;241;43m=[39;49m[43mdecimal[49m[43m,[49m
[1;32m   1252[0m [43m    [49m[43mconverters[49m[38;5;241;43m=[39;49m[43mconverters[49m[43m,[49m
[1;32m   1253[0m [43m    [49m[43mna_values[49m[38;5;241;43m=[39;49m[43mna_values[49m[43m,[49m
[1;32m   1254[0m [43m    [49m[43mkeep_default_na[49m[38;5;241;43m=[39;49m[43mkeep_default_na[49m[43m,[49m
[1;32m   1255[0m [43m    [49m[43mdisplayed_only[49m[38;5;241;43m=[39;49m[43mdisplayed_only[49m[43m,[49m
[1;32m   1256[0m [43m    [49m[43mextract_links[49m[38;5;241;43m=[39;49m[43mextract_links[49m[43m,[49m
[1;32m   1257[0m [43m    [49m[43mdtype_backend[49m[38;5;241;43m=[39;49m[43mdtype_backend[49m[43m,[49m
[1;32m   1258[0m [43m    [49m[43mstorage_options[49m[38;5;241;43m=[39;49m[43mstorage_options[49m[43m,[49m
[1;32m   1259[0m [43m[49m[43m)[49m

File [0;32m/Library/Frameworks/Python.framework/Versions/3.12/lib/python3.12/site-packages/pandas/io/html.py:1003[0m, in [0;36m_parse[0;34m(flavor, io, match, attrs, encoding, displayed_only, extract_links, storage_options, **kwargs)[0m
[1;32m   1001[0m [38;5;28;01melse[39;00m:
[1;32m   1002[0m     [38;5;28;01massert[39;00m retained [38;5;129;01mis[39;00m [38;5;129;01mnot[39;00m [38;5;28;01mNone[39;00m  [38;5;66;03m# for mypy[39;00m
[0;32m-> 1003[0m     [38;5;28;01mraise[39;00m retained
[1;32m   1005[0m ret [38;5;241m=[39m []
[1;32m   1006[0m [38;5;28;01mfor[39;00m table [38;5;129;01min[39;00m tables:

File [0;32m/Library/Frameworks/Python.framework/Versions/3.12/lib/python3.12/site-packages/pandas/io/html.py:983[0m, in [0;36m_parse[0;34m(flavor, io, match, attrs, encoding, displayed_only, extract_links, storage_options, **kwargs)[0m
[1;32m    972[0m p [38;5;241m=[39m parser(
[1;32m    973[0m     io,
[1;32m    974[0m     compiled_match,
[0;32m   (...)[0m
[1;32m    979[0m     storage_options,
[1;32m    980[0m )
[1;32m    982[0m [38;5;28;01mtry[39;00m:
[0;32m--> 983[0m     tables [38;5;241m=[39m [43mp[49m[38;5;241;43m.[39;49m[43mparse_tables[49m[43m([49m[43m)[49m
[1;32m    984[0m [38;5;28;01mexcept[39;00m [38;5;167;01mValueError[39;00m [38;5;28;01mas[39;00m caught:
[1;32m    985[0m     [38;5;66;03m# if `io` is an io-like object, check if it's seekable[39;00m
[1;32m    986[0m     [38;5;66;03m# and try to rewind it before trying the next parser[39;00m
[1;32m    987[0m     [38;5;28;01mif[39;00m [38;5;28mhasattr[39m(io, [38;5;124m"[39m[38;5;124mseekable[39m[38;5;124m"[39m) [38;5;129;01mand[39;00m io[38;5;241m.[39mseekable():

File [0;32m/Library/Frameworks/Python.framework/Versions/3.12/lib/python3.12/site-packages/pandas/io/html.py:249[0m, in [0;36m_HtmlFrameParser.parse_tables[0;34m(self)[0m
[1;32m    241[0m [38;5;28;01mdef[39;00m [38;5;21mparse_tables[39m([38;5;28mself[39m):
[1;32m    242[0m [38;5;250m    [39m[38;5;124;03m"""[39;00m
[1;32m    243[0m [38;5;124;03m    Parse and return all tables from the DOM.[39;00m
[1;32m    244[0m 
[0;32m   (...)[0m
[1;32m    247[0m [38;5;124;03m    list of parsed (header, body, footer) tuples from tables.[39;00m
[1;32m    248[0m [38;5;124;03m    """[39;00m
[0;32m--> 249[0m     tables [38;5;241m=[39m [38;5;28;43mself[39;49m[38;5;241;43m.[39;49m[43m_parse_tables[49m[43m([49m[38;5;28;43mself[39;49m[38;5;241;43m.[39;49m[43m_build_doc[49m[43m([49m[43m)[49m[43m,[49m[43m [49m[38;5;28;43mself[39;49m[38;5;241;43m.[39;49m[43mmatch[49m[43m,[49m[43m [49m[38;5;28;43mself[39;49m[38;5;241;43m.[39;49m[43mattrs[49m[43m)[49m
[1;32m    250[0m     [38;5;28;01mreturn[39;00m ([38;5;28mself[39m[38;5;241m.[39m_parse_thead_tbody_tfoot(table) [38;5;28;01mfor[39;00m table [38;5;129;01min[39;00m tables)

File [0;32m/Library/Frameworks/Python.framework/Versions/3.12/lib/python3.12/site-packages/pandas/io/html.py:598[0m, in [0;36m_BeautifulSoupHtml5LibFrameParser._parse_tables[0;34m(self, document, match, attrs)[0m
[1;32m    596[0m tables [38;5;241m=[39m document[38;5;241m.[39mfind_all(element_name, attrs[38;5;241m=[39mattrs)
[1;32m    597[0m [38;5;28;01mif[39;00m [38;5;129;01mnot[39;00m tables:
[0;32m--> 598[0m     [38;5;28;01mraise[39;00m [38;5;167;01mValueError[39;00m([38;5;124m"[39m[38;5;124mNo tables found[39m[38;5;124m"[39m)
[1;32m    600[0m result [38;5;241m=[39m []
[1;32m    601[0m unique_tables [38;5;241m=[39m [38;5;28mset[39m()

[0;31mValueError[0m: No tables found

